[debug] [2023-09-09T10:35:38.041Z] ----------------------------------------------------------------------
[debug] [2023-09-09T10:35:38.043Z] Command:       C:\Program Files\nodejs\node.exe C:\Users\KIM gyuwon\AppData\Roaming\npm\node_modules\firebase-tools\lib\bin\firebase.js init
[debug] [2023-09-09T10:35:38.043Z] CLI Version:   12.5.2
[debug] [2023-09-09T10:35:38.043Z] Platform:      win32
[debug] [2023-09-09T10:35:38.043Z] Node Version:  v18.13.0
[debug] [2023-09-09T10:35:38.045Z] Time:          Sat Sep 09 2023 19:35:38 GMT+0900 (대한민국 표준시)
[debug] [2023-09-09T10:35:38.045Z] ----------------------------------------------------------------------
[debug] 
[debug] [2023-09-09T10:35:38.108Z] > command requires scopes: ["email","openid","https://www.googleapis.com/auth/cloudplatformprojects.readonly","https://www.googleapis.com/auth/firebase","https://www.googleapis.com/auth/cloud-platform"]
[debug] [2023-09-09T10:35:38.109Z] > authorizing via signed-in user (gyuwon05@gmail.com)
[info] 
     ######## #### ########  ######## ########     ###     ######  ########
     ##        ##  ##     ## ##       ##     ##  ##   ##  ##       ##
     ######    ##  ########  ######   ########  #########  ######  ######
     ##        ##  ##    ##  ##       ##     ## ##     ##       ## ##
     ##       #### ##     ## ######## ########  ##     ##  ######  ########

You're about to initialize a Firebase project in this directory:

  C:\Users\KIM gyuwon\Desktop\coma

Before we get started, keep in mind:

  * You are initializing within an existing Firebase project directory

